<?xml version="1.0" encoding="UTF-8"?>
<!-- Generated by org.testng.reporters.JUnitReportReporter -->
<testsuite hostname="SL-1549.local" name="com.swaglabs.Tests.LaunchSwagLabs" tests="10" failures="0" timestamp="18 Dec 2020 17:34:08 GMT" time="272.332" errors="0">
  <testcase name="LaunchSwagLabsTest" time="22.359" classname="com.swaglabs.Tests.LaunchSwagLabs"/>
  <testcase name="LaunchSwagLabsTest" time="26.238" classname="com.swaglabs.Tests.LaunchSwagLabs"/>
  <testcase name="LaunchSwagLabsTest" time="36.807" classname="com.swaglabs.Tests.LaunchSwagLabs"/>
  <testcase name="LaunchSwagLabsTest" time="15.665" classname="com.swaglabs.Tests.LaunchSwagLabs"/>
  <testcase name="LaunchSwagLabsTest" time="26.194" classname="com.swaglabs.Tests.LaunchSwagLabs"/>
  <testcase name="LaunchSwagLabsTest" time="35.775" classname="com.swaglabs.Tests.LaunchSwagLabs"/>
  <testcase name="LaunchSwagLabsTest" time="34.290" classname="com.swaglabs.Tests.LaunchSwagLabs"/>
  <testcase name="LaunchSwagLabsTest" time="18.157" classname="com.swaglabs.Tests.LaunchSwagLabs"/>
  <testcase name="LaunchSwagLabsTest" time="37.355" classname="com.swaglabs.Tests.LaunchSwagLabs"/>
  <testcase name="LaunchSwagLabsTest" time="19.492" classname="com.swaglabs.Tests.LaunchSwagLabs"/>
</testsuite> <!-- com.swaglabs.Tests.LaunchSwagLabs -->
